<?xml version="1.0" encoding="UTF-8"?>
<!-- Generated by org.testng.reporters.JUnitReportReporter -->
<testsuite hostname="LAPTOP-JVQS7L4U" failures="0" tests="1" name="E_Cap_Project.AutomationProject.ResetPassword" time="11.140" errors="0" timestamp="2023-02-22T12:15:03 IST" skipped="0">
  <testcase classname="E_Cap_Project.AutomationProject.ResetPassword" name="Reset_Password" time="11.140"/>
  <system-out/>
</testsuite> <!-- E_Cap_Project.AutomationProject.ResetPassword -->
