<?xml version="1.0" encoding="UTF-8"?>
<!-- Generated by org.testng.reporters.JUnitReportReporter -->
<testsuite hostname="LAPTOP-JVQS7L4U" failures="0" tests="1" name="E_Cap_Project.AutomationProject.PIM" time="21.238" errors="0" timestamp="2023-02-22T16:24:00 IST" skipped="0">
  <testcase classname="E_Cap_Project.AutomationProject.PIM" name="verifyPIM" time="21.238"/>
  <system-out/>
</testsuite> <!-- E_Cap_Project.AutomationProject.PIM -->
