<?xml version="1.0" encoding="UTF-8"?>
<!-- Generated by org.testng.reporters.JUnitReportReporter -->
<testsuite hostname="LAPTOP-JVQS7L4U" failures="0" tests="1" name="E_Cap_Project.AutomationProject.Loginhrm" time="10.693" errors="0" timestamp="2023-02-22T12:05:38 IST" skipped="0">
  <testcase classname="E_Cap_Project.AutomationProject.Loginhrm" name="Login" time="10.693"/>
  <system-out/>
</testsuite> <!-- E_Cap_Project.AutomationProject.Loginhrm -->
