<?xml version="1.0" encoding="UTF-8"?>
<!-- Generated by org.testng.reporters.JUnitReportReporter -->
<testsuite hostname="LAPTOP-JVQS7L4U" failures="0" tests="1" name="E_Cap_Project.AutomationProject.searchoption" time="16.228" errors="0" timestamp="2023-02-22T15:30:18 IST" skipped="0">
  <testcase classname="E_Cap_Project.AutomationProject.searchoption" name="search" time="16.228"/>
  <system-out/>
</testsuite> <!-- E_Cap_Project.AutomationProject.searchoption -->
