<?xml version="1.0" encoding="UTF-8"?>
<!-- Generated by org.testng.reporters.JUnitReportReporter -->
<testsuite hostname="LAPTOP-JVQS7L4U" failures="0" tests="1" name="E_Cap_Project.AutomationProject.newtest" time="0.025" errors="0" timestamp="2023-02-22T00:01:11 IST" skipped="0">
  <testcase classname="E_Cap_Project.AutomationProject.newtest" name="f" time="0.025"/>
  <system-out/>
</testsuite> <!-- E_Cap_Project.AutomationProject.newtest -->
