<?xml version="1.0" encoding="UTF-8"?>
<!-- Generated by org.testng.reporters.JUnitReportReporter -->
<testsuite hostname="LAPTOP-JVQS7L4U" failures="0" tests="1" name="E_Cap_Project.AutomationProject.MyInfo" time="18.111" errors="0" timestamp="2023-02-22T15:43:36 IST" skipped="0">
  <testcase classname="E_Cap_Project.AutomationProject.MyInfo" name="verifyPIM" time="18.111"/>
  <system-out/>
</testsuite> <!-- E_Cap_Project.AutomationProject.MyInfo -->
