<?xml version="1.0" encoding="UTF-8"?>
<!-- Generated by org.testng.reporters.JUnitReportReporter -->
<testsuite hostname="LAPTOP-JVQS7L4U" failures="0" tests="1" name="com.utils.helptyping" time="10.771" errors="0" timestamp="2023-03-03T08:48:12 IST" skipped="0">
  <testcase classname="com.utils.helptyping" name="helpTyping" time="10.771"/>
  <system-out/>
</testsuite> <!-- com.utils.helptyping -->
