<?xml version="1.0" encoding="UTF-8"?>
<!-- Generated by org.testng.reporters.JUnitReportReporter -->
<testsuite hostname="LAPTOP-JVQS7L4U" failures="0" tests="1" name="com.utils.WebmathCodePage" time="17.191" errors="0" timestamp="2023-03-03T08:46:01 IST" skipped="0">
  <testcase classname="com.utils.WebmathCodePage" name="codingPage" time="17.191"/>
  <system-out/>
</testsuite> <!-- com.utils.WebmathCodePage -->
