<?xml version="1.0" encoding="UTF-8"?>
<!-- Generated by org.testng.reporters.JUnitReportReporter -->
<testsuite hostname="LAPTOP-JVQS7L4U" failures="0" tests="1" name="com.utils.Login" time="20.015" errors="0" timestamp="2023-03-03T08:45:43 IST" skipped="0">
  <testcase classname="com.utils.Login" name="login" time="20.015"/>
  <system-out/>
</testsuite> <!-- com.utils.Login -->
