<?xml version="1.0" encoding="UTF-8"?>
<!-- Generated by org.testng.reporters.JUnitReportReporter -->
<testsuite hostname="LAPTOP-JVQS7L4U" failures="0" tests="1" name="com.utils.WebmathVisitBack" time="13.977" errors="0" timestamp="2023-03-03T08:58:01 IST" skipped="0">
  <testcase classname="com.utils.WebmathVisitBack" name="WebmathvisitBack" time="13.977"/>
  <system-out/>
</testsuite> <!-- com.utils.WebmathVisitBack -->
