<?xml version="1.0" encoding="UTF-8"?>
<!-- Generated by org.testng.reporters.JUnitReportReporter -->
<testsuite hostname="LAPTOP-JVQS7L4U" failures="0" tests="1" name="com.utils.WebmathPowerConversion" time="11.000" errors="0" timestamp="2023-03-03T08:46:35 IST" skipped="0">
  <testcase classname="com.utils.WebmathPowerConversion" name="powerConversion" time="11.000"/>
  <system-out/>
</testsuite> <!-- com.utils.WebmathPowerConversion -->
