<?xml version="1.0" encoding="UTF-8"?>
<!-- Generated by org.testng.reporters.JUnitReportReporter -->
<testsuite hostname="LAPTOP-JVQS7L4U" failures="0" tests="1" name="com.utils.Areaconversion" time="12.514" errors="0" timestamp="2023-03-03T08:36:11 IST" skipped="0">
  <testcase classname="com.utils.Areaconversion" name="Areaconversion" time="12.514"/>
  <system-out/>
</testsuite> <!-- com.utils.Areaconversion -->
