<?xml version="1.0" encoding="UTF-8"?>
<!-- Generated by org.testng.reporters.JUnitReportReporter -->
<testsuite hostname="LAPTOP-JVQS7L4U" failures="0" tests="1" name="com.utils.ElectricityCostData" time="13.831" errors="0" timestamp="2023-03-03T09:31:34 IST" skipped="0">
  <testcase classname="com.utils.ElectricityCostData" name="electricyCost" time="13.831"/>
  <system-out/>
</testsuite> <!-- com.utils.ElectricityCostData -->
