<?xml version="1.0" encoding="UTF-8"?>
<!-- Generated by org.testng.reporters.JUnitReportReporter -->
<testsuite hostname="LAPTOP-JVQS7L4U" failures="0" tests="1" name="com.utils.WebmathNews" time="24.236" errors="0" timestamp="2023-03-03T09:01:38 IST" skipped="0">
  <testcase classname="com.utils.WebmathNews" name="news" time="24.236"/>
  <system-out/>
</testsuite> <!-- com.utils.WebmathNews -->
