<?xml version="1.0" encoding="UTF-8"?>
<!-- Generated by org.testng.reporters.JUnitReportReporter -->
<testsuite hostname="LAPTOP-JVQS7L4U" failures="0" tests="1" name="com.utils.WebmathCountCoins" time="12.881" errors="0" timestamp="2023-03-03T08:46:14 IST" skipped="0">
  <testcase classname="com.utils.WebmathCountCoins" name="countCoins" time="12.881"/>
  <system-out/>
</testsuite> <!-- com.utils.WebmathCountCoins -->
