<?xml version="1.0" encoding="UTF-8"?>
<!-- Generated by org.testng.reporters.JUnitReportReporter -->
<testsuite hostname="LAPTOP-JVQS7L4U" failures="0" tests="1" name="com.utils.WebmathPlanetData" time="29.086" errors="0" timestamp="2023-03-03T00:53:43 IST" skipped="0">
  <testcase classname="com.utils.WebmathPlanetData" name="planet" time="29.086"/>
  <system-out/>
</testsuite> <!-- com.utils.WebmathPlanetData -->
